<?xml version="1.0" encoding="UTF-8"?>
<!-- Generated by org.testng.reporters.JUnitReportReporter -->
<testsuite hostname="LAPTOP-7D68NT7T" failures="0" tests="1" name="driverFactory.DriverScript" time="14.033" errors="0" timestamp="2023-04-12T18:00:31 IST" skipped="0">
  <testcase classname="driverFactory.DriverScript" name="starTest" time="14.033"/>
  <system-out>
    <![CDATA[No of Rows::9
Login Sucess::dashboard   http://orangehrm.qedgetech.com/symfony/web/index.php/dashboard
Invalid credentials  dashboard   http://orangehrm.qedgetech.com/symfony/web/index.php/auth/validateCredentials
Login Sucess::dashboard   http://orangehrm.qedgetech.com/symfony/web/index.php/dashboard
Username cannot be empty  dashboard   http://orangehrm.qedgetech.com/symfony/web/index.php/auth/login
Username cannot be empty  dashboard   http://orangehrm.qedgetech.com/symfony/web/index.php/auth/login
Password cannot be empty  dashboard   http://orangehrm.qedgetech.com/symfony/web/index.php/auth/login
Invalid credentials  dashboard   http://orangehrm.qedgetech.com/symfony/web/index.php/auth/validateCredentials
Login Sucess::dashboard   http://orangehrm.qedgetech.com/symfony/web/index.php/dashboard
Invalid credentials  dashboard   http://orangehrm.qedgetech.com/symfony/web/index.php/auth/validateCredentials]]>
  </system-out>
</testsuite> <!-- driverFactory.DriverScript -->
