<?xml version="1.0" encoding="UTF-8"?>
<!-- Generated by org.testng.reporters.JUnitReportReporter -->
<testsuite hostname="LAPTOP-7D68NT7T" failures="0" tests="1" name="driverFactory.TestScript" time="3.524" errors="0" timestamp="2023-04-13T22:14:00 IST" skipped="0">
  <testcase classname="driverFactory.TestScript" name="startTest" time="3.524"/>
  <system-out>
    <![CDATA[Add Employee Sucess::19144   19144]]>
  </system-out>
</testsuite> <!-- driverFactory.TestScript -->
