<?xml version="1.0" encoding="UTF-8"?>
<!-- Generated by org.testng.reporters.JUnitReportReporter -->
<testsuite hostname="LAPTOP-7D68NT7T" failures="0" tests="1" name="driverFactory.TestScript1withExcel" time="30.914" errors="0" timestamp="2023-04-13T22:31:54 IST" skipped="0">
  <testcase classname="driverFactory.TestScript1withExcel" name="startTest" time="30.914"/>
  <system-out>
    <![CDATA[No of rows are::10
Add Employee Sucess::19152   19152
Add Employee Sucess::19153   19153
Add Employee Sucess::19154   19154
Add Employee Sucess::19155   19155
Add Employee Sucess::19156   19156
Add Employee Sucess::19157   19157
Add Employee Sucess::19158   19158
Add Employee Sucess::19159   19159
Add Employee Sucess::19160   19160
Add Employee Sucess::19161   19161]]>
  </system-out>
</testsuite> <!-- driverFactory.TestScript1withExcel -->
